<?xml version="1.0" encoding="UTF-8" ?>
<testsuite tests="3" failures="0" name="org.grab.com.fraud.detector.rule.TestFraudulantAccountsRule" time="0.006" errors="0" skipped="0">
  <properties>
    <property name="java.vendor" value="AdoptOpenJDK"/>
    <property name="sun.java.launcher" value="SUN_STANDARD"/>
    <property name="os.name" value="Mac OS X"/>
    <property name="sun.boot.class.path" value="/Users/sharman/.sdkman/candidates/java/8.0.282.j9-adpt/jre/lib/compressedrefs/jclSC180/vm.jar:/Users/sharman/.sdkman/candidates/java/8.0.282.j9-adpt/jre/lib/se-service.jar:/Users/sharman/.sdkman/candidates/java/8.0.282.j9-adpt/jre/lib/rt.jar:/Users/sharman/.sdkman/candidates/java/8.0.282.j9-adpt/jre/lib/resources.jar:/Users/sharman/.sdkman/candidates/java/8.0.282.j9-adpt/jre/lib/jsse.jar:/Users/sharman/.sdkman/candidates/java/8.0.282.j9-adpt/jre/lib/charsets.jar:/Users/sharman/.sdkman/candidates/java/8.0.282.j9-adpt/jre/lib/jce.jar"/>
    <property name="java.vm.specification.vendor" value="Oracle Corporation"/>
    <property name="java.runtime.version" value="1.8.0_282-b08"/>
    <property name="user.name" value="sharman"/>
    <property name="java.compiler" value="j9jit29"/>
    <property name="os.encoding" value="UTF-8"/>
    <property name="guice.disable.misplaced.annotation.check" value="true"/>
    <property name="com.ibm.util.extralibs.properties" value=""/>
    <property name="com.ibm.jcl.checkClassPath" value=""/>
    <property name="user.language" value="en"/>
    <property name="com.ibm.oti.vm.bootstrap.library.path" value="/Users/sharman/.sdkman/candidates/java/8.0.282.j9-adpt/jre/lib/compressedrefs:/Users/sharman/.sdkman/candidates/java/8.0.282.j9-adpt/jre/lib"/>
    <property name="sun.boot.library.path" value="/Users/sharman/.sdkman/candidates/java/8.0.282.j9-adpt/jre/lib/compressedrefs:/Users/sharman/.sdkman/candidates/java/8.0.282.j9-adpt/jre/lib"/>
    <property name="classworlds.conf" value="/Users/sharman/softwares/apache-maven-3.6.2/bin/m2.conf"/>
    <property name="jdk.extensions.version" value="8.0.282.0"/>
    <property name="java.version" value="1.8.0_282"/>
    <property name="user.timezone" value="Asia/Singapore"/>
    <property name="com.ibm.system.agent.path" value="/Users/sharman/.sdkman/candidates/java/8.0.282.j9-adpt/jre/lib"/>
    <property name="sun.arch.data.model" value="64"/>
    <property name="com.ibm.zero.version" value="2"/>
    <property name="java.endorsed.dirs" value="/Users/sharman/.sdkman/candidates/java/8.0.282.j9-adpt/jre/lib/endorsed"/>
    <property name="com.ibm.oti.vm.library.version" value="29"/>
    <property name="sun.jnu.encoding" value="UTF-8"/>
    <property name="file.encoding.pkg" value="sun.io"/>
    <property name="file.separator" value="/"/>
    <property name="java.specification.name" value="Java Platform API Specification"/>
    <property name="maven.conf" value="/Users/sharman/softwares/apache-maven-3.6.2/conf"/>
    <property name="java.class.version" value="52.0"/>
    <property name="user.country" value="US"/>
    <property name="java.home" value="/Users/sharman/.sdkman/candidates/java/8.0.282.j9-adpt/jre"/>
    <property name="java.vm.info" value="JRE 1.8.0 Mac OS X amd64-64-Bit Compressed References 20210120_839 (JIT enabled, AOT enabled)
OpenJ9   - 345e1b09e
OMR      - 741e94ea8
JCL      - ab07c6a8fd based on jdk8u282-b08"/>
    <property name="os.version" value="10.16"/>
    <property name="path.separator" value=":"/>
    <property name="java.vm.version" value="openj9-0.24.0"/>
    <property name="user.variant" value=""/>
    <property name="java.awt.printerjob" value="sun.lwawt.macosx.CPrinterJob"/>
    <property name="jdk.extensions.name" value="Extensions for OpenJDK for Eclipse OpenJ9"/>
    <property name="sun.io.unicode.encoding" value="UnicodeLittle"/>
    <property name="awt.toolkit" value="sun.lwawt.macosx.LWCToolkit"/>
    <property name="ibm.signalhandling.sigint" value="true"/>
    <property name="user.home" value="/Users/sharman"/>
    <property name="com.ibm.cpu.endian" value="little"/>
    <property name="java.specification.vendor" value="Oracle Corporation"/>
    <property name="ibm.signalhandling.sigchain" value="true"/>
    <property name="library.jansi.path" value="/Users/sharman/softwares/apache-maven-3.6.2/lib/jansi-native"/>
    <property name="java.library.path" value="/Users/sharman/.sdkman/candidates/java/8.0.282.j9-adpt/jre/lib/compressedrefs:/Users/sharman/.sdkman/candidates/java/8.0.282.j9-adpt/jre/lib:/usr/lib"/>
    <property name="java.vendor.url" value="https://adoptopenjdk.net/"/>
    <property name="java.vm.vendor" value="Eclipse OpenJ9"/>
    <property name="java.fullversion" value="1.8.0_282-b08
JRE 1.8.0 Mac OS X amd64-64-Bit Compressed References 20210120_839 (JIT enabled, AOT enabled)
OpenJ9   - 345e1b09e
OMR      - 741e94ea8
JCL      - ab07c6a8fd based on jdk8u282-b08"/>
    <property name="maven.home" value="/Users/sharman/softwares/apache-maven-3.6.2"/>
    <property name="java.runtime.name" value="OpenJDK Runtime Environment"/>
    <property name="sun.java.command" value="org.codehaus.plexus.classworlds.launcher.Launcher clean install -f rule-based-fraud-detection/pom.xml"/>
    <property name="java.class.path" value="/Users/sharman/softwares/apache-maven-3.6.2/boot/plexus-classworlds-2.6.0.jar"/>
    <property name="java.vm.specification.name" value="Java Virtual Machine Specification"/>
    <property name="java.vm.specification.version" value="1.8"/>
    <property name="sun.cpu.endian" value="little"/>
    <property name="java.io.tmpdir" value="/var/folders/tq/xs_k86x94rv2brl9pfnyyr840000gn/T/"/>
    <property name="maven.multiModuleProjectDirectory" value="/Users/sharman/personal-workspace/rule-based-fraud-detection"/>
    <property name="ibm.system.encoding" value="UTF-8"/>
    <property name="os.arch" value="x86_64"/>
    <property name="java.awt.graphicsenv" value="sun.awt.CGraphicsEnvironment"/>
    <property name="ibm.signalhandling.rs" value="false"/>
    <property name="java.ext.dirs" value="/Users/sharman/.sdkman/candidates/java/8.0.282.j9-adpt/jre/lib/ext"/>
    <property name="user.dir" value="/Users/sharman/personal-workspace"/>
    <property name="line.separator" value="
"/>
    <property name="java.vm.name" value="Eclipse OpenJ9 VM"/>
    <property name="com.ibm.oti.shared.enabled" value="false"/>
    <property name="com.ibm.vm.bitmode" value="64"/>
    <property name="file.encoding" value="UTF-8"/>
    <property name="com.ibm.oti.configuration" value="scar"/>
    <property name="java.specification.version" value="1.8"/>
  </properties>
  <testcase classname="org.grab.com.fraud.detector.rule.TestFraudulantAccountsRule" name="testIsFraudFromAccountIsFraud" time="0.002"/>
  <testcase classname="org.grab.com.fraud.detector.rule.TestFraudulantAccountsRule" name="testIsFraudToAccountAndFromAccountMetadataNull" time="0.002"/>
  <testcase classname="org.grab.com.fraud.detector.rule.TestFraudulantAccountsRule" name="testIsFraudToAccountIsFraud" time="0.002"/>
</testsuite>